\BOOKMARK [0][]{chapter.1}{1 引言}{}% 1
\BOOKMARK [0][]{chapter.2}{2 PCA降维+KNN分类}{}% 2
\BOOKMARK [1][]{section.2.1}{2.1 算法描述}{chapter.2}% 3
\BOOKMARK [1][]{section.2.2}{2.2 实验结果}{chapter.2}% 4
\BOOKMARK [2][]{subsection.2.2.1}{2.2.1 在KNN算法中取k=1时}{section.2.2}% 5
\BOOKMARK [2][]{subsection.2.2.2}{2.2.2 在KNN算法中取k=3时}{section.2.2}% 6
\BOOKMARK [2][]{subsection.2.2.3}{2.2.3 在KNN算法中取k=5时}{section.2.2}% 7
\BOOKMARK [1][]{section.2.3}{2.3 开集测试}{chapter.2}% 8
\BOOKMARK [0][]{chapter.3}{3 HoG特征+SVM分类}{}% 9
\BOOKMARK [1][]{section.3.1}{3.1 算法描述}{chapter.3}% 10
\BOOKMARK [1][]{section.3.2}{3.2 实验结果}{chapter.3}% 11
\BOOKMARK [1][]{section.3.3}{3.3 开集测试}{chapter.3}% 12
\BOOKMARK [0][]{chapter.4}{4 \(选做1\)在全体257类图像上使用以上两种方法进行分类}{}% 13
\BOOKMARK [1][]{section.4.1}{4.1 训练集和测试集创建}{chapter.4}% 14
\BOOKMARK [1][]{section.4.2}{4.2 PCA+KNN实验结果}{chapter.4}% 15
\BOOKMARK [1][]{section.4.3}{4.3 HOG+SVM实验结果}{chapter.4}% 16
\BOOKMARK [0][]{chapter.5}{5 \(选做2\)在全体257类图像上使用CNN进行分类}{}% 17
\BOOKMARK [1][]{section.5.1}{5.1 算法描述}{chapter.5}% 18
\BOOKMARK [1][]{section.5.2}{5.2 实验结果}{chapter.5}% 19
\BOOKMARK [0][]{chapter.6}{6 总结与代码说明}{}% 20
\BOOKMARK [1][]{section.6.1}{6.1 总结}{chapter.6}% 21
\BOOKMARK [1][]{section.6.2}{6.2 代码说明}{chapter.6}% 22
\BOOKMARK [0][]{chapter.7}{7 致谢}{}% 23
